[2026-01-15T22:00:26.742+0000] {local_task_job_runner.py:123} INFO - ::group::Pre task execution logs
[2026-01-15T22:00:26.752+0000] {taskinstance.py:2612} INFO - Dependencies all met for dep_context=non-requeueable deps ti=<TaskInstance: mvp_simulate_and_ingest.generate_csv scheduled__2026-01-15T21:00:00+00:00 [queued]>
[2026-01-15T22:00:26.755+0000] {taskinstance.py:2612} INFO - Dependencies all met for dep_context=requeueable deps ti=<TaskInstance: mvp_simulate_and_ingest.generate_csv scheduled__2026-01-15T21:00:00+00:00 [queued]>
[2026-01-15T22:00:26.756+0000] {taskinstance.py:2865} INFO - Starting attempt 1 of 2
[2026-01-15T22:00:26.762+0000] {taskinstance.py:2888} INFO - Executing <Task(DockerOperator): generate_csv> on 2026-01-15 21:00:00+00:00
[2026-01-15T22:00:26.765+0000] {standard_task_runner.py:72} INFO - Started process 236 to run task
[2026-01-15T22:00:26.767+0000] {standard_task_runner.py:104} INFO - Running: ['***', 'tasks', 'run', 'mvp_simulate_and_ingest', 'generate_csv', 'scheduled__2026-01-15T21:00:00+00:00', '--job-id', '18', '--raw', '--subdir', 'DAGS_FOLDER/mvp_simulate_and_ingest_dag.py', '--cfg-path', '/tmp/tmpq_7_w132']
[2026-01-15T22:00:26.768+0000] {standard_task_runner.py:105} INFO - Job 18: Subtask generate_csv
[2026-01-15T22:00:26.799+0000] {task_command.py:467} INFO - Running <TaskInstance: mvp_simulate_and_ingest.generate_csv scheduled__2026-01-15T21:00:00+00:00 [running]> on host 0d18fb291860
[2026-01-15T22:00:26.841+0000] {taskinstance.py:3131} INFO - Exporting env vars: AIRFLOW_CTX_DAG_OWNER='***' AIRFLOW_CTX_DAG_ID='mvp_simulate_and_ingest' AIRFLOW_CTX_TASK_ID='generate_csv' AIRFLOW_CTX_EXECUTION_DATE='2026-01-15T21:00:00+00:00' AIRFLOW_CTX_TRY_NUMBER='1' AIRFLOW_CTX_DAG_RUN_ID='scheduled__2026-01-15T21:00:00+00:00'
[2026-01-15T22:00:26.842+0000] {taskinstance.py:731} INFO - ::endgroup::
[2026-01-15T22:00:26.889+0000] {docker.py:355} INFO - Starting docker container from image python:3.11-slim
[2026-01-15T22:00:27.047+0000] {docker.py:66} INFO - + ls -la /app
[2026-01-15T22:00:27.048+0000] {docker.py:66} INFO - + head -n 50
[2026-01-15T22:00:27.053+0000] {docker.py:66} INFO - total 92
[2026-01-15T22:00:27.053+0000] {docker.py:66} INFO - drwxr-xr-x 23 root root  736 Jan 15 20:49 .
[2026-01-15T22:00:27.053+0000] {docker.py:66} INFO - drwxr-xr-x  1 root root 4096 Jan 15 22:00 ..
[2026-01-15T22:00:27.054+0000] {docker.py:66} INFO - -rw-r--r--  1 root root 8196 Jun  8  2025 .DS_Store
[2026-01-15T22:00:27.054+0000] {docker.py:66} INFO - -rw-r--r--  1 root root  132 Jul  3  2025 .env
[2026-01-15T22:00:27.054+0000] {docker.py:66} INFO - drwxr-xr-x 15 root root  480 Jan 15 21:03 .git
[2026-01-15T22:00:27.054+0000] {docker.py:66} INFO - drwxr-xr-x  3 root root   96 Mar 10  2025 .github
[2026-01-15T22:00:27.055+0000] {docker.py:66} INFO - -rw-r--r--  1 root root    7 Jun 11  2025 .gitignore
[2026-01-15T22:00:27.055+0000] {docker.py:66} INFO - -rw-r--r--  1 root root 2548 Jul  3  2025 README.md
[2026-01-15T22:00:27.056+0000] {docker.py:66} INFO - drwxr-xr-x  7 root root  224 Jan 15 21:00 ***
[2026-01-15T22:00:27.056+0000] {docker.py:66} INFO - -rw-r--r--  1 root root 1096 Mar 10  2025 csv_ingestion.py
[2026-01-15T22:00:27.057+0000] {docker.py:66} INFO - -rw-r--r--  1 root root 6775 Jun  8  2025 customers.csv
[2026-01-15T22:00:27.057+0000] {docker.py:66} INFO - -rw-r--r--  1 root root  878 Mar 19  2025 debezium_connector_config.json
[2026-01-15T22:00:27.058+0000] {docker.py:66} INFO - -rw-r--r--  1 root root 7258 Jan 15 20:58 docker-compose.yml
[2026-01-15T22:00:27.059+0000] {docker.py:66} INFO - -rw-r--r--  1 root root 2179 Mar 10  2025 generate_csv.py
[2026-01-15T22:00:27.060+0000] {docker.py:66} INFO - -rw-r--r--  1 root root 1041 Apr  6  2025 init-connector.sh
[2026-01-15T22:00:27.061+0000] {docker.py:66} INFO - drwxr-xr-x  9 root root  288 Jun  8  2025 jars
[2026-01-15T22:00:27.061+0000] {docker.py:66} INFO - -rw-r--r--  1 root root 1199 Apr  6  2025 kafka_consumer_json.py
[2026-01-15T22:00:27.061+0000] {docker.py:66} INFO - -rw-r--r--  1 root root 9241 Jun  8  2025 orders.csv
[2026-01-15T22:00:27.061+0000] {docker.py:66} INFO - -rw-r--r--  1 root root 3211 Jun  8  2025 products.csv
[2026-01-15T22:00:27.062+0000] {docker.py:66} INFO - -rw-r--r--  1 root root 2044 Jun  8  2025 read_minio_delta.md
[2026-01-15T22:00:27.062+0000] {docker.py:66} INFO - drwxr-xr-x  4 root root  128 Jun  7  2025 spark_app
[2026-01-15T22:00:27.062+0000] {docker.py:66} INFO - -rwxr-xr-x  1 root root  261 Jul  3  2025 start.sh
[2026-01-15T22:00:27.062+0000] {docker.py:66} INFO - -rw-r--r--  1 root root   66 Jul  3  2025 stop.sh
[2026-01-15T22:00:27.062+0000] {docker.py:66} INFO - + pip install -q pandas
[2026-01-15T22:00:34.169+0000] {docker.py:66} INFO - WARNING: Running pip as the 'root' user can result in broken permissions and conflicting behaviour with the system package manager. It is recommended to use a virtual environment instead: https://pip.pypa.io/warnings/venv
[2026-01-15T22:00:34.307+0000] {docker.py:66} INFO - 
[2026-01-15T22:00:34.307+0000] {docker.py:66} INFO - [notice] A new release of pip is available: 24.0 -> 25.3
[2026-01-15T22:00:34.307+0000] {docker.py:66} INFO - [notice] To update, run: pip install --upgrade pip
[2026-01-15T22:00:34.426+0000] {docker.py:66} INFO - + python /app/generate_csv.py
[2026-01-15T22:00:34.649+0000] {docker.py:66} INFO - Traceback (most recent call last):
[2026-01-15T22:00:34.650+0000] {docker.py:66} INFO -   File "/app/generate_csv.py", line 3, in <module>
[2026-01-15T22:00:34.650+0000] {docker.py:66} INFO -     from faker import Faker
[2026-01-15T22:00:34.650+0000] {docker.py:66} INFO - ModuleNotFoundError: No module named 'faker'
[2026-01-15T22:00:35.048+0000] {taskinstance.py:3310} ERROR - Task failed with exception
Traceback (most recent call last):
  File "/home/airflow/.local/lib/python3.11/site-packages/airflow/models/taskinstance.py", line 767, in _execute_task
    result = _execute_callable(context=context, **execute_callable_kwargs)
             ^^^^^^^^^^^^^^^^^^^^^^^^^^^^^^^^^^^^^^^^^^^^^^^^^^^^^^^^^^^^^
  File "/home/airflow/.local/lib/python3.11/site-packages/airflow/models/taskinstance.py", line 733, in _execute_callable
    return ExecutionCallableRunner(
           ^^^^^^^^^^^^^^^^^^^^^^^^
  File "/home/airflow/.local/lib/python3.11/site-packages/airflow/utils/operator_helpers.py", line 252, in run
    return self.func(*args, **kwargs)
           ^^^^^^^^^^^^^^^^^^^^^^^^^^
  File "/home/airflow/.local/lib/python3.11/site-packages/airflow/models/baseoperator.py", line 406, in wrapper
    return func(self, *args, **kwargs)
           ^^^^^^^^^^^^^^^^^^^^^^^^^^^
  File "/home/airflow/.local/lib/python3.11/site-packages/airflow/providers/docker/operators/docker.py", line 495, in execute
    return self._run_image()
           ^^^^^^^^^^^^^^^^^
  File "/home/airflow/.local/lib/python3.11/site-packages/airflow/providers/docker/operators/docker.py", line 372, in _run_image
    return self._run_image_with_mounts(self.mounts, add_tmp_variable=False)
           ^^^^^^^^^^^^^^^^^^^^^^^^^^^^^^^^^^^^^^^^^^^^^^^^^^^^^^^^^^^^^^^^
  File "/home/airflow/.local/lib/python3.11/site-packages/airflow/providers/docker/operators/docker.py", line 430, in _run_image_with_mounts
    raise DockerContainerFailedException(f"Docker container failed: {result!r}", logs=log_lines)
airflow.providers.docker.exceptions.DockerContainerFailedException: Docker container failed: {'StatusCode': 1}
[2026-01-15T22:00:35.065+0000] {taskinstance.py:1225} INFO - Marking task as UP_FOR_RETRY. dag_id=mvp_simulate_and_ingest, task_id=generate_csv, run_id=scheduled__2026-01-15T21:00:00+00:00, execution_date=20260115T210000, start_date=20260115T220026, end_date=20260115T220035
[2026-01-15T22:00:35.091+0000] {taskinstance.py:340} INFO - ::group::Post task execution logs
[2026-01-15T22:00:35.092+0000] {standard_task_runner.py:124} ERROR - Failed to execute job 18 for task generate_csv (Docker container failed: {'StatusCode': 1}; 236)
Traceback (most recent call last):
  File "/home/airflow/.local/lib/python3.11/site-packages/airflow/task/task_runner/standard_task_runner.py", line 117, in _start_by_fork
    ret = args.func(args, dag=self.dag)
          ^^^^^^^^^^^^^^^^^^^^^^^^^^^^^
  File "/home/airflow/.local/lib/python3.11/site-packages/airflow/cli/cli_config.py", line 49, in command
    return func(*args, **kwargs)
           ^^^^^^^^^^^^^^^^^^^^^
  File "/home/airflow/.local/lib/python3.11/site-packages/airflow/utils/cli.py", line 115, in wrapper
    return f(*args, **kwargs)
           ^^^^^^^^^^^^^^^^^^
  File "/home/airflow/.local/lib/python3.11/site-packages/airflow/cli/commands/task_command.py", line 483, in task_run
    task_return_code = _run_task_by_selected_method(args, _dag, ti)
                       ^^^^^^^^^^^^^^^^^^^^^^^^^^^^^^^^^^^^^^^^^^^^
  File "/home/airflow/.local/lib/python3.11/site-packages/airflow/cli/commands/task_command.py", line 256, in _run_task_by_selected_method
    return _run_raw_task(args, ti)
           ^^^^^^^^^^^^^^^^^^^^^^^
  File "/home/airflow/.local/lib/python3.11/site-packages/airflow/cli/commands/task_command.py", line 341, in _run_raw_task
    return ti._run_raw_task(
           ^^^^^^^^^^^^^^^^^
  File "/home/airflow/.local/lib/python3.11/site-packages/airflow/utils/session.py", line 97, in wrapper
    return func(*args, session=session, **kwargs)
           ^^^^^^^^^^^^^^^^^^^^^^^^^^^^^^^^^^^^^^
  File "/home/airflow/.local/lib/python3.11/site-packages/airflow/models/taskinstance.py", line 3004, in _run_raw_task
    return _run_raw_task(
           ^^^^^^^^^^^^^^
  File "/home/airflow/.local/lib/python3.11/site-packages/airflow/models/taskinstance.py", line 273, in _run_raw_task
    TaskInstance._execute_task_with_callbacks(
  File "/home/airflow/.local/lib/python3.11/site-packages/airflow/models/taskinstance.py", line 3158, in _execute_task_with_callbacks
    result = self._execute_task(context, task_orig)
             ^^^^^^^^^^^^^^^^^^^^^^^^^^^^^^^^^^^^^^
  File "/home/airflow/.local/lib/python3.11/site-packages/airflow/models/taskinstance.py", line 3182, in _execute_task
    return _execute_task(self, context, task_orig)
           ^^^^^^^^^^^^^^^^^^^^^^^^^^^^^^^^^^^^^^^
  File "/home/airflow/.local/lib/python3.11/site-packages/airflow/models/taskinstance.py", line 767, in _execute_task
    result = _execute_callable(context=context, **execute_callable_kwargs)
             ^^^^^^^^^^^^^^^^^^^^^^^^^^^^^^^^^^^^^^^^^^^^^^^^^^^^^^^^^^^^^
  File "/home/airflow/.local/lib/python3.11/site-packages/airflow/models/taskinstance.py", line 733, in _execute_callable
    return ExecutionCallableRunner(
           ^^^^^^^^^^^^^^^^^^^^^^^^
  File "/home/airflow/.local/lib/python3.11/site-packages/airflow/utils/operator_helpers.py", line 252, in run
    return self.func(*args, **kwargs)
           ^^^^^^^^^^^^^^^^^^^^^^^^^^
  File "/home/airflow/.local/lib/python3.11/site-packages/airflow/models/baseoperator.py", line 406, in wrapper
    return func(self, *args, **kwargs)
           ^^^^^^^^^^^^^^^^^^^^^^^^^^^
  File "/home/airflow/.local/lib/python3.11/site-packages/airflow/providers/docker/operators/docker.py", line 495, in execute
    return self._run_image()
           ^^^^^^^^^^^^^^^^^
  File "/home/airflow/.local/lib/python3.11/site-packages/airflow/providers/docker/operators/docker.py", line 372, in _run_image
    return self._run_image_with_mounts(self.mounts, add_tmp_variable=False)
           ^^^^^^^^^^^^^^^^^^^^^^^^^^^^^^^^^^^^^^^^^^^^^^^^^^^^^^^^^^^^^^^^
  File "/home/airflow/.local/lib/python3.11/site-packages/airflow/providers/docker/operators/docker.py", line 430, in _run_image_with_mounts
    raise DockerContainerFailedException(f"Docker container failed: {result!r}", logs=log_lines)
airflow.providers.docker.exceptions.DockerContainerFailedException: Docker container failed: {'StatusCode': 1}
[2026-01-15T22:00:35.139+0000] {local_task_job_runner.py:266} INFO - Task exited with return code 1
[2026-01-15T22:00:35.165+0000] {taskinstance.py:3900} INFO - 0 downstream tasks scheduled from follow-on schedule check
[2026-01-15T22:00:35.166+0000] {local_task_job_runner.py:245} INFO - ::endgroup::
